# JRE version: OpenJDK Runtime Environment (7.0_79-b14) (build 1.7.0_79-b14)
# Java VM: OpenJDK Server VM (24.79-b02 mixed mode linux-x86 )
Heap
 PSYoungGen      total 52224K, used 208K [0x9ddc0000, 0xa17c0000, 0xb3340000)
  eden space 45312K, 0% used [0x9ddc0000,0x9ddc0000,0xa0a00000)
  from space 6912K, 3% used [0xa0a00000,0xa0a34000,0xa10c0000)
  to   space 6656K, 0% used [0xa10c0000,0xa10c0000,0xa1740000)
 ParOldGen       total 20736K, used 10536K [0x73340000, 0x74780000, 0x9ddc0000)
  object space 20736K, 50% used [0x73340000,0x73d8a0f0,0x74780000)
 PSPermGen       total 16384K, used 14294K [0x63340000, 0x64340000, 0x73340000)
  object space 16384K, 87% used [0x63340000,0x64135848,0x64340000)
GC Heap History (10 events):
Event: 6.949 GC heap after
Heap after GC invocations=6 (full 0):
 PSYoungGen      total 34048K, used 3576K [0x9ddc0000, 0xa0640000, 0xb3340000)
  eden space 30464K, 0% used [0x9ddc0000,0x9ddc0000,0x9fb80000)
  from space 3584K, 99% used [0xa0040000,0xa03be380,0xa03c0000)
  to   space 4864K, 0% used [0x9fb80000,0x9fb80000,0xa0040000)
 ParOldGen       total 20736K, used 5060K [0x73340000, 0x74780000, 0x9ddc0000)
  object space 20736K, 24% used [0x73340000,0x738310d0,0x74780000)
 PSPermGen       total 16384K, used 10234K [0x63340000, 0x64340000, 0x73340000)
  object space 16384K, 62% used [0x63340000,0x63d3e998,0x64340000)
}
Event: 108.974 GC heap before
{Heap before GC invocations=7 (full 0):
 PSYoungGen      total 34048K, used 34040K [0x9ddc0000, 0xa0640000, 0xb3340000)
  eden space 30464K, 100% used [0x9ddc0000,0x9fb80000,0x9fb80000)
  from space 3584K, 99% used [0xa0040000,0xa03be380,0xa03c0000)
  to   space 4864K, 0% used [0x9fb80000,0x9fb80000,0xa0040000)
 ParOldGen       total 20736K, used 5060K [0x73340000, 0x74780000, 0x9ddc0000)
  object space 20736K, 24% used [0x73340000,0x738310d0,0x74780000)
 PSPermGen       total 16384K, used 12444K [0x63340000, 0x64340000, 0x73340000)
  object space 16384K, 75% used [0x63340000,0x63f67140,0x64340000)
Event: 109.784 GC heap after
Heap after GC invocations=7 (full 0):
 PSYoungGen      total 34304K, used 4849K [0x9ddc0000, 0xa0680000, 0xb3340000)
  eden space 29440K, 0% used [0x9ddc0000,0x9ddc0000,0x9fa80000)
  from space 4864K, 99% used [0x9fb80000,0xa003c6c0,0xa0040000)
  to   space 6144K, 0% used [0xa0080000,0xa0080000,0xa0680000)
 ParOldGen       total 20736K, used 6173K [0x73340000, 0x74780000, 0x9ddc0000)
  object space 20736K, 29% used [0x73340000,0x739477e0,0x74780000)
 PSPermGen       total 16384K, used 12444K [0x63340000, 0x64340000, 0x73340000)
  object space 16384K, 75% used [0x63340000,0x63f67140,0x64340000)
}
Event: 180.878 GC heap before
{Heap before GC invocations=8 (full 0):
 PSYoungGen      total 34304K, used 34289K [0x9ddc0000, 0xa0680000, 0xb3340000)
  eden space 29440K, 100% used [0x9ddc0000,0x9fa80000,0x9fa80000)
  from space 4864K, 99% used [0x9fb80000,0xa003c6c0,0xa0040000)
  to   space 6144K, 0% used [0xa0080000,0xa0080000,0xa0680000)
 ParOldGen       total 20736K, used 6173K [0x73340000, 0x74780000, 0x9ddc0000)
  object space 20736K, 29% used [0x73340000,0x739477e0,0x74780000)
 PSPermGen       total 16384K, used 14286K [0x63340000, 0x64340000, 0x73340000)
  object space 16384K, 87% used [0x63340000,0x64133ab0,0x64340000)
Event: 181.235 GC heap after
Heap after GC invocations=8 (full 0):
 PSYoungGen      total 34560K, used 5568K [0x9ddc0000, 0xa0700000, 0xb3340000)
  eden space 28416K, 0% used [0x9ddc0000,0x9ddc0000,0x9f980000)
  from space 6144K, 90% used [0xa0080000,0xa05f0208,0xa0680000)
  to   space 6912K, 0% used [0x9f980000,0x9f980000,0xa0040000)
 ParOldGen       total 20736K, used 6486K [0x73340000, 0x74780000, 0x9ddc0000)
  object space 20736K, 31% used [0x73340000,0x73995860,0x74780000)
 PSPermGen       total 16384K, used 14286K [0x63340000, 0x64340000, 0x73340000)
  object space 16384K, 87% used [0x63340000,0x64133ab0,0x64340000)
}
Event: 181.744 GC heap before
{Heap before GC invocations=9 (full 0):
 PSYoungGen      total 34560K, used 33984K [0x9ddc0000, 0xa0700000, 0xb3340000)
  eden space 28416K, 100% used [0x9ddc0000,0x9f980000,0x9f980000)
  from space 6144K, 90% used [0xa0080000,0xa05f0208,0xa0680000)
  to   space 6912K, 0% used [0x9f980000,0x9f980000,0xa0040000)
 ParOldGen       total 20736K, used 6486K [0x73340000, 0x74780000, 0x9ddc0000)
  object space 20736K, 31% used [0x73340000,0x73995860,0x74780000)
 PSPermGen       total 16384K, used 14288K [0x63340000, 0x64340000, 0x73340000)
  object space 16384K, 87% used [0x63340000,0x64134118,0x64340000)
Event: 181.758 GC heap after
Heap after GC invocations=9 (full 0):
 PSYoungGen      total 35328K, used 2331K [0x9ddc0000, 0xa1740000, 0xb3340000)
  eden space 28416K, 0% used [0x9ddc0000,0x9ddc0000,0x9f980000)
  from space 6912K, 33% used [0x9f980000,0x9fbc6fd8,0xa0040000)
  to   space 6656K, 0% used [0xa10c0000,0xa10c0000,0xa1740000)
 ParOldGen       total 20736K, used 8096K [0x73340000, 0x74780000, 0x9ddc0000)
  object space 20736K, 39% used [0x73340000,0x73b28360,0x74780000)
 PSPermGen       total 16384K, used 14288K [0x63340000, 0x64340000, 0x73340000)
  object space 16384K, 87% used [0x63340000,0x64134118,0x64340000)
}
Event: 181.894 GC heap before
{Heap before GC invocations=10 (full 0):
 PSYoungGen      total 35328K, used 30747K [0x9ddc0000, 0xa1740000, 0xb3340000)
  eden space 28416K, 100% used [0x9ddc0000,0x9f980000,0x9f980000)
  from space 6912K, 33% used [0x9f980000,0x9fbc6fd8,0xa0040000)
  to   space 6656K, 0% used [0xa10c0000,0xa10c0000,0xa1740000)
 ParOldGen       total 20736K, used 8096K [0x73340000, 0x74780000, 0x9ddc0000)
  object space 20736K, 39% used [0x73340000,0x73b28360,0x74780000)
 PSPermGen       total 16384K, used 14291K [0x63340000, 0x64340000, 0x73340000)
  object space 16384K, 87% used [0x63340000,0x64134d18,0x64340000)
Event: 181.900 GC heap after
Heap after GC invocations=10 (full 0):
 PSYoungGen      total 51968K, used 312K [0x9ddc0000, 0xa17c0000, 0xb3340000)
  eden space 45312K, 0% used [0x9ddc0000,0x9ddc0000,0xa0a00000)
  from space 6656K, 4% used [0xa10c0000,0xa110e010,0xa1740000)
  to   space 6912K, 0% used [0xa0a00000,0xa0a00000,0xa10c0000)
 ParOldGen       total 20736K, used 10248K [0x73340000, 0x74780000, 0x9ddc0000)
  object space 20736K, 49% used [0x73340000,0x73d42080,0x74780000)
 PSPermGen       total 16384K, used 14291K [0x63340000, 0x64340000, 0x73340000)
  object space 16384K, 87% used [0x63340000,0x64134d18,0x64340000)
}
Event: 182.659 GC heap before
{Heap before GC invocations=11 (full 0):
 PSYoungGen      total 51968K, used 45624K [0x9ddc0000, 0xa17c0000, 0xb3340000)
  eden space 45312K, 100% used [0x9ddc0000,0xa0a00000,0xa0a00000)
  from space 6656K, 4% used [0xa10c0000,0xa110e010,0xa1740000)
  to   space 6912K, 0% used [0xa0a00000,0xa0a00000,0xa10c0000)
 ParOldGen       total 20736K, used 10248K [0x73340000, 0x74780000, 0x9ddc0000)
  object space 20736K, 49% used [0x73340000,0x73d42080,0x74780000)
 PSPermGen       total 16384K, used 14294K [0x63340000, 0x64340000, 0x73340000)
  object space 16384K, 87% used [0x63340000,0x64135848,0x64340000)

