# JRE version: OpenJDK Runtime Environment (7.0_79-b14) (build 1.7.0_79-b14)
# Java VM: OpenJDK Server VM (24.79-b02 mixed mode linux-x86 )
Heap
 PSYoungGen      total 206080K, used 4123K [0x9ddc0000, 0xaad00000, 0xb3340000)
  eden space 199936K, 0% used [0x9ddc0000,0x9ddc0000,0xaa100000)
  from space 6144K, 67% used [0xaa100000,0xaa506ef8,0xaa700000)
  to   space 5888K, 0% used [0xaa740000,0xaa740000,0xaad00000)
 ParOldGen       total 20736K, used 16754K [0x73340000, 0x74780000, 0x9ddc0000)
  object space 20736K, 80% used [0x73340000,0x7439c838,0x74780000)
 PSPermGen       total 17152K, used 16958K [0x63340000, 0x64400000, 0x73340000)
  object space 17152K, 98% used [0x63340000,0x643cf940,0x64400000)
GC Heap History (10 events):
Event: 6.840 GC heap after
Heap after GC invocations=6 (full 0):
 PSYoungGen      total 68608K, used 5554K [0x9ddc0000, 0xa29c0000, 0xb3340000)
  eden space 62464K, 0% used [0x9ddc0000,0x9ddc0000,0xa1ac0000)
  from space 6144K, 90% used [0xa21c0000,0xa272c850,0xa27c0000)
  to   space 7168K, 0% used [0xa1ac0000,0xa1ac0000,0xa21c0000)
 ParOldGen       total 20736K, used 9451K [0x73340000, 0x74780000, 0x9ddc0000)
  object space 20736K, 45% used [0x73340000,0x73c7ae50,0x74780000)
 PSPermGen       total 16384K, used 14183K [0x63340000, 0x64340000, 0x73340000)
  object space 16384K, 86% used [0x63340000,0x64119d68,0x64340000)
}
Event: 7.245 GC heap before
{Heap before GC invocations=7 (full 0):
 PSYoungGen      total 68608K, used 68018K [0x9ddc0000, 0xa29c0000, 0xb3340000)
  eden space 62464K, 100% used [0x9ddc0000,0xa1ac0000,0xa1ac0000)
  from space 6144K, 90% used [0xa21c0000,0xa272c850,0xa27c0000)
  to   space 7168K, 0% used [0xa1ac0000,0xa1ac0000,0xa21c0000)
 ParOldGen       total 20736K, used 9451K [0x73340000, 0x74780000, 0x9ddc0000)
  object space 20736K, 45% used [0x73340000,0x73c7ae50,0x74780000)
 PSPermGen       total 16384K, used 14262K [0x63340000, 0x64340000, 0x73340000)
  object space 16384K, 87% used [0x63340000,0x6412d9e8,0x64340000)
Event: 7.254 GC heap after
Heap after GC invocations=7 (full 0):
 PSYoungGen      total 69632K, used 2902K [0x9ddc0000, 0xa64c0000, 0xb3340000)
  eden space 62464K, 0% used [0x9ddc0000,0x9ddc0000,0xa1ac0000)
  from space 7168K, 40% used [0xa1ac0000,0xa1d95a28,0xa21c0000)
  to   space 6656K, 0% used [0xa5e40000,0xa5e40000,0xa64c0000)
 ParOldGen       total 20736K, used 9755K [0x73340000, 0x74780000, 0x9ddc0000)
  object space 20736K, 47% used [0x73340000,0x73cc6e40,0x74780000)
 PSPermGen       total 16384K, used 14262K [0x63340000, 0x64340000, 0x73340000)
  object space 16384K, 87% used [0x63340000,0x6412d9e8,0x64340000)
}
Event: 7.779 GC heap before
{Heap before GC invocations=8 (full 0):
 PSYoungGen      total 69632K, used 65366K [0x9ddc0000, 0xa64c0000, 0xb3340000)
  eden space 62464K, 100% used [0x9ddc0000,0xa1ac0000,0xa1ac0000)
  from space 7168K, 40% used [0xa1ac0000,0xa1d95a28,0xa21c0000)
  to   space 6656K, 0% used [0xa5e40000,0xa5e40000,0xa64c0000)
 ParOldGen       total 20736K, used 9755K [0x73340000, 0x74780000, 0x9ddc0000)
  object space 20736K, 47% used [0x73340000,0x73cc6e40,0x74780000)
 PSPermGen       total 16384K, used 14884K [0x63340000, 0x64340000, 0x73340000)
  object space 16384K, 90% used [0x63340000,0x641c9248,0x64340000)
Event: 7.787 GC heap after
Heap after GC invocations=8 (full 0):
 PSYoungGen      total 131072K, used 3771K [0x9ddc0000, 0xa6440000, 0xb3340000)
  eden space 124928K, 0% used [0x9ddc0000,0x9ddc0000,0xa57c0000)
  from space 6144K, 61% used [0xa5e40000,0xa61eef98,0xa6440000)
  to   space 6400K, 0% used [0xa57c0000,0xa57c0000,0xa5e00000)
 ParOldGen       total 20736K, used 10251K [0x73340000, 0x74780000, 0x9ddc0000)
  object space 20736K, 49% used [0x73340000,0x73d42e80,0x74780000)
 PSPermGen       total 16384K, used 14884K [0x63340000, 0x64340000, 0x73340000)
  object space 16384K, 90% used [0x63340000,0x641c9248,0x64340000)
}
Event: 9.252 GC heap before
{Heap before GC invocations=9 (full 0):
 PSYoungGen      total 131072K, used 128699K [0x9ddc0000, 0xa6440000, 0xb3340000)
  eden space 124928K, 100% used [0x9ddc0000,0xa57c0000,0xa57c0000)
  from space 6144K, 61% used [0xa5e40000,0xa61eef98,0xa6440000)
  to   space 6400K, 0% used [0xa57c0000,0xa57c0000,0xa5e00000)
 ParOldGen       total 20736K, used 10251K [0x73340000, 0x74780000, 0x9ddc0000)
  object space 20736K, 49% used [0x73340000,0x73d42e80,0x74780000)
 PSPermGen       total 16384K, used 15802K [0x63340000, 0x64340000, 0x73340000)
  object space 16384K, 96% used [0x63340000,0x642aebf8,0x64340000)
Event: 9.468 GC heap after
Heap after GC invocations=9 (full 0):
 PSYoungGen      total 131328K, used 2835K [0x9ddc0000, 0xaad80000, 0xb3340000)
  eden space 124928K, 0% used [0x9ddc0000,0x9ddc0000,0xa57c0000)
  from space 6400K, 44% used [0xa57c0000,0xa5a84ed0,0xa5e00000)
  to   space 6400K, 0% used [0xaa740000,0xaa740000,0xaad80000)
 ParOldGen       total 20736K, used 12204K [0x73340000, 0x74780000, 0x9ddc0000)
  object space 20736K, 58% used [0x73340000,0x73f2b380,0x74780000)
 PSPermGen       total 16384K, used 15802K [0x63340000, 0x64340000, 0x73340000)
  object space 16384K, 96% used [0x63340000,0x642aebf8,0x64340000)
}
Event: 11.291 GC heap before
{Heap before GC invocations=10 (full 0):
 PSYoungGen      total 131328K, used 127763K [0x9ddc0000, 0xaad80000, 0xb3340000)
  eden space 124928K, 100% used [0x9ddc0000,0xa57c0000,0xa57c0000)
  from space 6400K, 44% used [0xa57c0000,0xa5a84ed0,0xa5e00000)
  to   space 6400K, 0% used [0xaa740000,0xaa740000,0xaad80000)
 ParOldGen       total 20736K, used 12204K [0x73340000, 0x74780000, 0x9ddc0000)
  object space 20736K, 58% used [0x73340000,0x73f2b380,0x74780000)
 PSPermGen       total 16384K, used 16135K [0x63340000, 0x64340000, 0x73340000)
  object space 16384K, 98% used [0x63340000,0x64301e30,0x64340000)
Event: 11.303 GC heap after
Heap after GC invocations=10 (full 0):
 PSYoungGen      total 205824K, used 4024K [0x9ddc0000, 0xaad00000, 0xb3340000)
  eden space 199936K, 0% used [0x9ddc0000,0x9ddc0000,0xaa100000)
  from space 5888K, 68% used [0xaa740000,0xaab2e270,0xaad00000)
  to   space 6144K, 0% used [0xaa100000,0xaa100000,0xaa700000)
 ParOldGen       total 20736K, used 13314K [0x73340000, 0x74780000, 0x9ddc0000)
  object space 20736K, 64% used [0x73340000,0x74040be0,0x74780000)
 PSPermGen       total 16384K, used 16135K [0x63340000, 0x64340000, 0x73340000)
  object space 16384K, 98% used [0x63340000,0x64301e30,0x64340000)
}
Event: 13.158 GC heap before
{Heap before GC invocations=11 (full 0):
 PSYoungGen      total 205824K, used 203960K [0x9ddc0000, 0xaad00000, 0xb3340000)
  eden space 199936K, 100% used [0x9ddc0000,0xaa100000,0xaa100000)
  from space 5888K, 68% used [0xaa740000,0xaab2e270,0xaad00000)
  to   space 6144K, 0% used [0xaa100000,0xaa100000,0xaa700000)
 ParOldGen       total 20736K, used 13314K [0x73340000, 0x74780000, 0x9ddc0000)
  object space 20736K, 64% used [0x73340000,0x74040be0,0x74780000)
 PSPermGen       total 17152K, used 16958K [0x63340000, 0x64400000, 0x73340000)
  object space 17152K, 98% used [0x63340000,0x643cf940,0x64400000)

